<?xml version="1.0" encoding="UTF-8"?>
<testsuite xmlns:xsi="http://www.w3.org/2001/XMLSchema-instance" xsi:noNamespaceSchemaLocation="https://maven.apache.org/surefire/maven-surefire-plugin/xsd/surefire-test-report.xsd" name="com.api.restassured.ApiRestAssuredTest" time="4.442" tests="2" errors="0" skipped="0" failures="0">
  <properties>
[...]
</properties>
  <testcase name="validCatFactShouldReturnSuccess" classname="com.api.restassured.ApiRestAssuredTest" time="2.946"/>
  <testcase name="invalidRouteShouldReturnError" classname="com.api.restassured.ApiRestAssuredTest" time="0.697"/>
</testsuite>